<?xml version="1.0" encoding="UTF-8"?>
<!-- Generated by org.testng.reporters.JUnitXMLReporter -->
<testsuite ignored="0" hostname="LAPTOP-8UAPTJ7F" failures="0" tests="1" name="Default test" time="0.073" errors="0" timestamp="2022-02-13T00:03:27 IST">
  <testcase classname="ExecutionClass.TestNgExecution1" name="@BeforeTest ToLaunchAmazon" time="-1.644690807592E9">
    <failure type="org.testng.TestNGException" message="
Parameter &amp;apos;Browsers1&amp;apos; is required by BeforeTest on method ToLaunchAmazon but has not been marked @Optional or defined
in C:\Users\RAJAT\AppData\Local\Temp\testng-eclipse--96945498\testng-customsuite.xml">
      <![CDATA[org.testng.TestNGException: 
Parameter 'Browsers1' is required by BeforeTest on method ToLaunchAmazon but has not been marked @Optional or defined
in C:\Users\RAJAT\AppData\Local\Temp\testng-eclipse--96945498\testng-customsuite.xml
at org.testng.internal.Parameters.createParams(Parameters.java:270)
at org.testng.internal.Parameters.createParametersForMethod(Parameters.java:358)
at org.testng.internal.Parameters.createParameters(Parameters.java:700)
at org.testng.internal.Parameters.createConfigurationParameters(Parameters.java:168)
at org.testng.internal.ConfigInvoker.invokeConfigurations(ConfigInvoker.java:302)
at org.testng.TestRunner.invokeTestConfigurations(TestRunner.java:637)
at org.testng.TestRunner.beforeRun(TestRunner.java:627)
at org.testng.TestRunner.run(TestRunner.java:589)
at org.testng.SuiteRunner.runTest(SuiteRunner.java:377)
at org.testng.SuiteRunner.runSequentially(SuiteRunner.java:371)
at org.testng.SuiteRunner.privateRun(SuiteRunner.java:332)
at org.testng.SuiteRunner.run(SuiteRunner.java:276)
at org.testng.SuiteRunnerWorker.runSuite(SuiteRunnerWorker.java:53)
at org.testng.SuiteRunnerWorker.run(SuiteRunnerWorker.java:96)
at org.testng.TestNG.runSuitesSequentially(TestNG.java:1212)
at org.testng.TestNG.runSuitesLocally(TestNG.java:1134)
at org.testng.TestNG.runSuites(TestNG.java:1063)
at org.testng.TestNG.run(TestNG.java:1031)
at org.testng.remote.AbstractRemoteTestNG.run(AbstractRemoteTestNG.java:115)
at org.testng.remote.RemoteTestNG.initAndRun(RemoteTestNG.java:251)
at org.testng.remote.RemoteTestNG.main(RemoteTestNG.java:77)
]]>
    </failure>
  </testcase> <!-- @BeforeTest ToLaunchAmazon -->
  <testcase classname="ExecutionClass.TestNgExecution1" name="@BeforeClass allPomObjects" time="-1.644690807623E9">
    <skipped/>
  </testcase> <!-- @BeforeClass allPomObjects -->
  <testcase classname="ExecutionClass.TestNgExecution1" name="@BeforeMethod LoginAmazon" time="-1.644690807641E9">
    <skipped/>
  </testcase> <!-- @BeforeMethod LoginAmazon -->
  <testcase classname="ExecutionClass.TestNgExecution1" name="@AfterMethod afterMethod" time="-1.64469080765E9">
    <skipped/>
  </testcase> <!-- @AfterMethod afterMethod -->
  <testcase classname="ExecutionClass.TestNgExecution1" name="@AfterClass clearPomObjects" time="-1.644690807653E9">
    <skipped/>
  </testcase> <!-- @AfterClass clearPomObjects -->
  <testcase classname="ExecutionClass.TestNgExecution1" name="@AfterTest afterTest" time="-1.644690807657E9">
    <skipped/>
  </testcase> <!-- @AfterTest afterTest -->
  <testcase classname="ExecutionClass.TestNgExecution1" name="headerPageAmazon" time="0.0">
    <skipped/>
  </testcase> <!-- headerPageAmazon -->
</testsuite> <!-- Default test -->
