<?xml version="1.0" encoding="UTF-8"?>
<!-- Generated by org.testng.reporters.JUnitXMLReporter -->
<testsuite ignored="0" hostname="LAPTOP-8UAPTJ7F" failures="0" tests="2" name="FireFox" time="0.066" errors="0" timestamp="2022-02-10T17:04:46 IST">
  <testcase classname="ExecutionClass.TestNgExeccution1" name="@BeforeTest ToLaunchAmazon" time="-1.644492886055E9">
    <failure type="org.testng.TestNGException" message="
Parameter &amp;apos;Browsers&amp;apos; is required by BeforeTest on method ToLaunchAmazon but has not been marked @Optional or defined
in F:\Automation Eclips\AmazonApplication\regressionsuit.xml">
      <![CDATA[org.testng.TestNGException: 
Parameter 'Browsers' is required by BeforeTest on method ToLaunchAmazon but has not been marked @Optional or defined
in F:\Automation Eclips\AmazonApplication\regressionsuit.xml
... Removed 21 stack frames]]>
    </failure>
  </testcase> <!-- @BeforeTest ToLaunchAmazon -->
  <testcase classname="ExecutionClass.TestNgExecution2" name="@BeforeTest launchIphonemob" time="-1.644492886059E9">
    <skipped/>
  </testcase> <!-- @BeforeTest launchIphonemob -->
  <testcase classname="ExecutionClass.TestNgExecution2" name="@BeforeClass SearchIphoneBox" time="-1.644492886063E9">
    <skipped/>
  </testcase> <!-- @BeforeClass SearchIphoneBox -->
  <testcase classname="ExecutionClass.TestNgExecution2" name="@BeforeMethod mainPageHeader" time="-1.644492886067E9">
    <skipped/>
  </testcase> <!-- @BeforeMethod mainPageHeader -->
  <testcase classname="ExecutionClass.TestNgExecution2" name="@AfterMethod afterMethod" time="-1.644492886075E9">
    <skipped/>
  </testcase> <!-- @AfterMethod afterMethod -->
  <testcase classname="ExecutionClass.TestNgExecution2" name="@AfterClass erasepomObject" time="-1.64449288608E9">
    <skipped/>
  </testcase> <!-- @AfterClass erasepomObject -->
  <testcase classname="ExecutionClass.TestNgExeccution1" name="@BeforeClass allPomObjects" time="-1.644492886087E9">
    <skipped/>
  </testcase> <!-- @BeforeClass allPomObjects -->
  <testcase classname="ExecutionClass.TestNgExeccution1" name="@BeforeMethod LoginAmazon" time="-1.644492886092E9">
    <skipped/>
  </testcase> <!-- @BeforeMethod LoginAmazon -->
  <testcase classname="ExecutionClass.TestNgExeccution1" name="@AfterMethod afterMethod" time="-1.644492886102E9">
    <skipped/>
  </testcase> <!-- @AfterMethod afterMethod -->
  <testcase classname="ExecutionClass.TestNgExeccution1" name="@AfterClass clearPomObjects" time="-1.644492886106E9">
    <skipped/>
  </testcase> <!-- @AfterClass clearPomObjects -->
  <testcase classname="ExecutionClass.TestNgExeccution1" name="@AfterTest afterTest" time="-1.64449288611E9">
    <skipped/>
  </testcase> <!-- @AfterTest afterTest -->
  <testcase classname="ExecutionClass.TestNgExecution2" name="@AfterTest afterClass" time="-1.644492886114E9">
    <skipped/>
  </testcase> <!-- @AfterTest afterClass -->
  <testcase classname="ExecutionClass.TestNgExecution2" name="clickIphone" time="0.0">
    <skipped/>
  </testcase> <!-- clickIphone -->
  <testcase classname="ExecutionClass.TestNgExeccution1" name="headerPageAmazon" time="0.0">
    <skipped/>
  </testcase> <!-- headerPageAmazon -->
</testsuite> <!-- FireFox -->
